[2025-05-03 13:46:10] Loading data and building vocab...
[2025-05-03 13:46:10] Building model...
[2025-05-03 13:46:10] Total Parameters: 649218
[2025-05-03 13:46:10] embedding.weight: 384000
[2025-05-03 13:46:10] transformer_encoder.layers.0.self_attn.in_proj_weight: 49152
[2025-05-03 13:46:10] transformer_encoder.layers.0.self_attn.in_proj_bias: 384
[2025-05-03 13:46:10] transformer_encoder.layers.0.self_attn.out_proj.weight: 16384
[2025-05-03 13:46:10] transformer_encoder.layers.0.self_attn.out_proj.bias: 128
[2025-05-03 13:46:10] transformer_encoder.layers.0.linear1.weight: 32768
[2025-05-03 13:46:10] transformer_encoder.layers.0.linear1.bias: 256
[2025-05-03 13:46:10] transformer_encoder.layers.0.linear2.weight: 32768
[2025-05-03 13:46:10] transformer_encoder.layers.0.linear2.bias: 128
[2025-05-03 13:46:10] transformer_encoder.layers.0.norm1.weight: 128
[2025-05-03 13:46:10] transformer_encoder.layers.0.norm1.bias: 128
[2025-05-03 13:46:10] transformer_encoder.layers.0.norm2.weight: 128
[2025-05-03 13:46:10] transformer_encoder.layers.0.norm2.bias: 128
[2025-05-03 13:46:10] transformer_encoder.layers.1.self_attn.in_proj_weight: 49152
[2025-05-03 13:46:10] transformer_encoder.layers.1.self_attn.in_proj_bias: 384
[2025-05-03 13:46:10] transformer_encoder.layers.1.self_attn.out_proj.weight: 16384
[2025-05-03 13:46:10] transformer_encoder.layers.1.self_attn.out_proj.bias: 128
[2025-05-03 13:46:10] transformer_encoder.layers.1.linear1.weight: 32768
[2025-05-03 13:46:10] transformer_encoder.layers.1.linear1.bias: 256
[2025-05-03 13:46:10] transformer_encoder.layers.1.linear2.weight: 32768
[2025-05-03 13:46:10] transformer_encoder.layers.1.linear2.bias: 128
[2025-05-03 13:46:10] transformer_encoder.layers.1.norm1.weight: 128
[2025-05-03 13:46:10] transformer_encoder.layers.1.norm1.bias: 128
[2025-05-03 13:46:10] transformer_encoder.layers.1.norm2.weight: 128
[2025-05-03 13:46:10] transformer_encoder.layers.1.norm2.bias: 128
[2025-05-03 13:46:10] fc.weight: 256
[2025-05-03 13:46:10] fc.bias: 2
[2025-05-03 13:46:12] Starting training...
[2025-05-03 13:46:13] Epoch [1/20], Step [10], Loss: 0.7508
[2025-05-03 13:46:13] Epoch [1/20], Step [20], Loss: 0.6175
[2025-05-03 13:46:13] Epoch [1/20], Step [30], Loss: 0.7580
[2025-05-03 13:46:13] Epoch [1/20], Step [40], Loss: 0.7200
[2025-05-03 13:46:13] Epoch [1/20], Step [50], Loss: 0.7167
[2025-05-03 13:46:13] Epoch [1/20], Step [60], Loss: 0.6086
[2025-05-03 13:46:13] Epoch [1/20], Step [70], Loss: 0.6800
[2025-05-03 13:46:13] Epoch [1/20], Step [80], Loss: 0.6627
[2025-05-03 13:46:13] Epoch [1/20], Step [90], Loss: 0.6805
[2025-05-03 13:46:13] Epoch [1/20], Step [100], Loss: 0.7574
[2025-05-03 13:46:13] Epoch [1/20], Step [110], Loss: 0.7574
[2025-05-03 13:46:13] Epoch [1/20], Step [120], Loss: 0.6417
[2025-05-03 13:46:13] Epoch [1/20], Step [130], Loss: 0.6234
[2025-05-03 13:46:13] Epoch [1/20], Step [140], Loss: 0.6592
[2025-05-03 13:46:13] Epoch [1/20], Step [150], Loss: 0.5616
[2025-05-03 13:46:13] Epoch [1/20], Step [160], Loss: 0.6917
[2025-05-03 13:46:13] Epoch [1/20], Step [170], Loss: 0.6180
[2025-05-03 13:46:13] Epoch [1/20], Step [180], Loss: 0.5155
[2025-05-03 13:46:13] Epoch [1/20], Step [190], Loss: 0.6657
[2025-05-03 13:46:13] Epoch [1/20], Step [200], Loss: 0.6256
[2025-05-03 13:46:13] Epoch [1/20], Step [210], Loss: 0.5806
[2025-05-03 13:46:13] Epoch [1/20], Step [220], Loss: 0.7421
[2025-05-03 13:46:14] Epoch [1/20], Step [230], Loss: 0.6216
[2025-05-03 13:46:14] Epoch [1/20], Step [240], Loss: 0.7671
[2025-05-03 13:46:14] Epoch [1/20], Step [250], Loss: 0.5490
[2025-05-03 13:46:14] Epoch [1/20], Step [260], Loss: 0.6048
[2025-05-03 13:46:14] Epoch [1/20], Step [270], Loss: 0.5159
[2025-05-03 13:46:14] Epoch [1/20], Step [280], Loss: 0.4953
[2025-05-03 13:46:14] Epoch [1/20], Step [290], Loss: 0.5129
[2025-05-03 13:46:14] Epoch [1/20], Step [300], Loss: 0.4989
[2025-05-03 13:46:14] Epoch [1] completed. Avg Loss: 0.6340, Dev Acc: 0.7792
[2025-05-03 13:46:14] Best model saved.
[2025-05-03 13:46:14] Confusion matrix saved.
[2025-05-03 13:46:14] Epoch [2/20], Step [10], Loss: 0.4827
[2025-05-03 13:46:14] Epoch [2/20], Step [20], Loss: 0.4545
[2025-05-03 13:46:14] Epoch [2/20], Step [30], Loss: 0.4080
[2025-05-03 13:46:14] Epoch [2/20], Step [40], Loss: 0.4750
[2025-05-03 13:46:14] Epoch [2/20], Step [50], Loss: 0.4688
[2025-05-03 13:46:14] Epoch [2/20], Step [60], Loss: 0.4501
[2025-05-03 13:46:14] Epoch [2/20], Step [70], Loss: 0.4596
[2025-05-03 13:46:14] Epoch [2/20], Step [80], Loss: 0.6053
[2025-05-03 13:46:14] Epoch [2/20], Step [90], Loss: 0.5577
[2025-05-03 13:46:14] Epoch [2/20], Step [100], Loss: 0.4365
[2025-05-03 13:46:14] Epoch [2/20], Step [110], Loss: 0.4409
[2025-05-03 13:46:15] Epoch [2/20], Step [120], Loss: 0.5426
[2025-05-03 13:46:15] Epoch [2/20], Step [130], Loss: 0.5617
[2025-05-03 13:46:15] Epoch [2/20], Step [140], Loss: 0.5115
[2025-05-03 13:46:15] Epoch [2/20], Step [150], Loss: 0.4858
[2025-05-03 13:46:15] Epoch [2/20], Step [160], Loss: 0.6180
[2025-05-03 13:46:15] Epoch [2/20], Step [170], Loss: 0.4679
[2025-05-03 13:46:15] Epoch [2/20], Step [180], Loss: 0.5247
[2025-05-03 13:46:15] Epoch [2/20], Step [190], Loss: 0.3793
[2025-05-03 13:46:15] Epoch [2/20], Step [200], Loss: 0.4693
[2025-05-03 13:46:15] Epoch [2/20], Step [210], Loss: 0.4723
[2025-05-03 13:46:15] Epoch [2/20], Step [220], Loss: 0.3510
[2025-05-03 13:46:15] Epoch [2/20], Step [230], Loss: 0.4258
[2025-05-03 13:46:15] Epoch [2/20], Step [240], Loss: 0.4492
[2025-05-03 13:46:15] Epoch [2/20], Step [250], Loss: 0.5272
[2025-05-03 13:46:15] Epoch [2/20], Step [260], Loss: 0.4107
[2025-05-03 13:46:15] Epoch [2/20], Step [270], Loss: 0.4622
[2025-05-03 13:46:15] Epoch [2/20], Step [280], Loss: 0.4226
[2025-05-03 13:46:15] Epoch [2/20], Step [290], Loss: 0.6423
[2025-05-03 13:46:15] Epoch [2/20], Step [300], Loss: 0.5330
[2025-05-03 13:46:15] Epoch [2] completed. Avg Loss: 0.4693, Dev Acc: 0.8117
[2025-05-03 13:46:15] Best model saved.
[2025-05-03 13:46:15] Confusion matrix saved.
[2025-05-03 13:46:15] Epoch [3/20], Step [10], Loss: 0.2894
[2025-05-03 13:46:15] Epoch [3/20], Step [20], Loss: 0.3950
[2025-05-03 13:46:15] Epoch [3/20], Step [30], Loss: 0.2783
[2025-05-03 13:46:16] Epoch [3/20], Step [40], Loss: 0.2461
[2025-05-03 13:46:16] Epoch [3/20], Step [50], Loss: 0.4377
[2025-05-03 13:46:16] Epoch [3/20], Step [60], Loss: 0.4566
[2025-05-03 13:46:16] Epoch [3/20], Step [70], Loss: 0.4197
[2025-05-03 13:46:16] Epoch [3/20], Step [80], Loss: 0.6481
[2025-05-03 13:46:16] Epoch [3/20], Step [90], Loss: 0.4140
[2025-05-03 13:46:16] Epoch [3/20], Step [100], Loss: 0.3643
[2025-05-03 13:46:16] Epoch [3/20], Step [110], Loss: 0.3893
[2025-05-03 13:46:16] Epoch [3/20], Step [120], Loss: 0.3059
[2025-05-03 13:46:16] Epoch [3/20], Step [130], Loss: 0.5065
[2025-05-03 13:46:16] Epoch [3/20], Step [140], Loss: 0.4061
[2025-05-03 13:46:16] Epoch [3/20], Step [150], Loss: 0.4717
[2025-05-03 13:46:16] Epoch [3/20], Step [160], Loss: 0.2865
[2025-05-03 13:46:16] Epoch [3/20], Step [170], Loss: 0.3986
[2025-05-03 13:46:16] Epoch [3/20], Step [180], Loss: 0.3905
[2025-05-03 13:46:16] Epoch [3/20], Step [190], Loss: 0.5710
[2025-05-03 13:46:16] Epoch [3/20], Step [200], Loss: 0.3905
[2025-05-03 13:46:16] Epoch [3/20], Step [210], Loss: 0.2509
[2025-05-03 13:46:16] Epoch [3/20], Step [220], Loss: 0.3662
[2025-05-03 13:46:16] Epoch [3/20], Step [230], Loss: 0.4096
[2025-05-03 13:46:16] Epoch [3/20], Step [240], Loss: 0.2255
[2025-05-03 13:46:16] Epoch [3/20], Step [250], Loss: 0.4546
[2025-05-03 13:46:16] Epoch [3/20], Step [260], Loss: 0.3482
[2025-05-03 13:46:16] Epoch [3/20], Step [270], Loss: 0.6205
[2025-05-03 13:46:16] Epoch [3/20], Step [280], Loss: 0.3826
[2025-05-03 13:46:16] Epoch [3/20], Step [290], Loss: 0.3896
[2025-05-03 13:46:17] Epoch [3/20], Step [300], Loss: 0.3024
[2025-05-03 13:46:17] Epoch [3] completed. Avg Loss: 0.4060, Dev Acc: 0.8192
[2025-05-03 13:46:17] Best model saved.
[2025-05-03 13:46:17] Confusion matrix saved.
[2025-05-03 13:46:17] Epoch [4/20], Step [10], Loss: 0.2765
[2025-05-03 13:46:17] Epoch [4/20], Step [20], Loss: 0.2266
[2025-05-03 13:46:17] Epoch [4/20], Step [30], Loss: 0.2789
[2025-05-03 13:46:17] Epoch [4/20], Step [40], Loss: 0.2354
[2025-05-03 13:46:17] Epoch [4/20], Step [50], Loss: 0.3371
[2025-05-03 13:46:17] Epoch [4/20], Step [60], Loss: 0.6511
[2025-05-03 13:46:17] Epoch [4/20], Step [70], Loss: 0.2438
[2025-05-03 13:46:17] Epoch [4/20], Step [80], Loss: 0.4941
[2025-05-03 13:46:17] Epoch [4/20], Step [90], Loss: 0.3932
[2025-05-03 13:46:17] Epoch [4/20], Step [100], Loss: 0.2666
[2025-05-03 13:46:17] Epoch [4/20], Step [110], Loss: 0.2882
[2025-05-03 13:46:17] Epoch [4/20], Step [120], Loss: 0.3348
[2025-05-03 13:46:17] Epoch [4/20], Step [130], Loss: 0.3701
[2025-05-03 13:46:17] Epoch [4/20], Step [140], Loss: 0.2710
[2025-05-03 13:46:17] Epoch [4/20], Step [150], Loss: 0.4444
[2025-05-03 13:46:17] Epoch [4/20], Step [160], Loss: 0.2145
[2025-05-03 13:46:17] Epoch [4/20], Step [170], Loss: 0.3933
[2025-05-03 13:46:17] Epoch [4/20], Step [180], Loss: 0.3292
[2025-05-03 13:46:17] Epoch [4/20], Step [190], Loss: 0.3866
[2025-05-03 13:46:17] Epoch [4/20], Step [200], Loss: 0.5326
[2025-05-03 13:46:18] Epoch [4/20], Step [210], Loss: 0.1911
[2025-05-03 13:46:18] Epoch [4/20], Step [220], Loss: 0.3575
[2025-05-03 13:46:18] Epoch [4/20], Step [230], Loss: 0.2227
[2025-05-03 13:46:18] Epoch [4/20], Step [240], Loss: 0.2701
[2025-05-03 13:46:18] Epoch [4/20], Step [250], Loss: 0.3143
[2025-05-03 13:46:18] Epoch [4/20], Step [260], Loss: 0.3021
[2025-05-03 13:46:18] Epoch [4/20], Step [270], Loss: 0.2591
[2025-05-03 13:46:18] Epoch [4/20], Step [280], Loss: 0.4873
[2025-05-03 13:46:18] Epoch [4/20], Step [290], Loss: 0.1813
[2025-05-03 13:46:18] Epoch [4/20], Step [300], Loss: 0.3181
[2025-05-03 13:46:18] Epoch [4] completed. Avg Loss: 0.3469, Dev Acc: 0.8417
[2025-05-03 13:46:18] Best model saved.
[2025-05-03 13:46:18] Confusion matrix saved.
[2025-05-03 13:46:18] Epoch [5/20], Step [10], Loss: 0.3492
[2025-05-03 13:46:18] Epoch [5/20], Step [20], Loss: 0.3804
[2025-05-03 13:46:18] Epoch [5/20], Step [30], Loss: 0.1915
[2025-05-03 13:46:18] Epoch [5/20], Step [40], Loss: 0.2993
[2025-05-03 13:46:18] Epoch [5/20], Step [50], Loss: 0.1475
[2025-05-03 13:46:18] Epoch [5/20], Step [60], Loss: 0.1465
[2025-05-03 13:46:18] Epoch [5/20], Step [70], Loss: 0.4860
[2025-05-03 13:46:18] Epoch [5/20], Step [80], Loss: 0.3238
[2025-05-03 13:46:18] Epoch [5/20], Step [90], Loss: 0.3655
[2025-05-03 13:46:18] Epoch [5/20], Step [100], Loss: 0.3543
[2025-05-03 13:46:18] Epoch [5/20], Step [110], Loss: 0.4439
[2025-05-03 13:46:18] Epoch [5/20], Step [120], Loss: 0.2093
[2025-05-03 13:46:19] Epoch [5/20], Step [130], Loss: 0.2667
[2025-05-03 13:46:19] Epoch [5/20], Step [140], Loss: 0.1985
[2025-05-03 13:46:19] Epoch [5/20], Step [150], Loss: 0.2697
[2025-05-03 13:46:19] Epoch [5/20], Step [160], Loss: 0.3880
[2025-05-03 13:46:19] Epoch [5/20], Step [170], Loss: 0.3206
[2025-05-03 13:46:19] Epoch [5/20], Step [180], Loss: 0.1396
[2025-05-03 13:46:19] Epoch [5/20], Step [190], Loss: 0.2172
[2025-05-03 13:46:19] Epoch [5/20], Step [200], Loss: 0.3314
[2025-05-03 13:46:19] Epoch [5/20], Step [210], Loss: 0.4601
[2025-05-03 13:46:19] Epoch [5/20], Step [220], Loss: 0.3347
[2025-05-03 13:46:19] Epoch [5/20], Step [230], Loss: 0.1976
[2025-05-03 13:46:19] Epoch [5/20], Step [240], Loss: 0.5813
[2025-05-03 13:46:19] Epoch [5/20], Step [250], Loss: 0.1022
[2025-05-03 13:46:19] Epoch [5/20], Step [260], Loss: 0.2813
[2025-05-03 13:46:19] Epoch [5/20], Step [270], Loss: 0.4298
[2025-05-03 13:46:19] Epoch [5/20], Step [280], Loss: 0.3408
[2025-05-03 13:46:19] Epoch [5/20], Step [290], Loss: 0.2806
[2025-05-03 13:46:19] Epoch [5/20], Step [300], Loss: 0.3276
[2025-05-03 13:46:19] Epoch [5] completed. Avg Loss: 0.3003, Dev Acc: 0.8308
[2025-05-03 13:46:19] Epoch [6/20], Step [10], Loss: 0.4083
[2025-05-03 13:46:19] Epoch [6/20], Step [20], Loss: 0.3072
[2025-05-03 13:46:19] Epoch [6/20], Step [30], Loss: 0.2476
[2025-05-03 13:46:19] Epoch [6/20], Step [40], Loss: 0.2355
[2025-05-03 13:46:19] Epoch [6/20], Step [50], Loss: 0.1838
[2025-05-03 13:46:19] Epoch [6/20], Step [60], Loss: 0.4615
[2025-05-03 13:46:19] Epoch [6/20], Step [70], Loss: 0.3458
[2025-05-03 13:46:20] Epoch [6/20], Step [80], Loss: 0.2033
[2025-05-03 13:46:20] Epoch [6/20], Step [90], Loss: 0.2991
[2025-05-03 13:46:20] Epoch [6/20], Step [100], Loss: 0.2408
[2025-05-03 13:46:20] Epoch [6/20], Step [110], Loss: 0.3899
[2025-05-03 13:46:20] Epoch [6/20], Step [120], Loss: 0.2975
[2025-05-03 13:46:20] Epoch [6/20], Step [130], Loss: 0.3425
[2025-05-03 13:46:20] Epoch [6/20], Step [140], Loss: 0.2176
[2025-05-03 13:46:20] Epoch [6/20], Step [150], Loss: 0.1620
[2025-05-03 13:46:20] Epoch [6/20], Step [160], Loss: 0.1769
[2025-05-03 13:46:20] Epoch [6/20], Step [170], Loss: 0.3743
[2025-05-03 13:46:20] Epoch [6/20], Step [180], Loss: 0.2880
[2025-05-03 13:46:20] Epoch [6/20], Step [190], Loss: 0.2553
[2025-05-03 13:46:20] Epoch [6/20], Step [200], Loss: 0.2306
[2025-05-03 13:46:20] Epoch [6/20], Step [210], Loss: 0.2110
[2025-05-03 13:46:20] Epoch [6/20], Step [220], Loss: 0.4110
[2025-05-03 13:46:20] Epoch [6/20], Step [230], Loss: 0.0792
[2025-05-03 13:46:20] Epoch [6/20], Step [240], Loss: 0.3026
[2025-05-03 13:46:20] Epoch [6/20], Step [250], Loss: 0.0929
[2025-05-03 13:46:20] Epoch [6/20], Step [260], Loss: 0.4029
[2025-05-03 13:46:20] Epoch [6/20], Step [270], Loss: 0.2744
[2025-05-03 13:46:20] Epoch [6/20], Step [280], Loss: 0.2319
[2025-05-03 13:46:20] Epoch [6/20], Step [290], Loss: 0.4201
[2025-05-03 13:46:20] Epoch [6/20], Step [300], Loss: 0.0908
[2025-05-03 13:46:20] Epoch [6] completed. Avg Loss: 0.2608, Dev Acc: 0.8558
[2025-05-03 13:46:20] Best model saved.
[2025-05-03 13:46:21] Confusion matrix saved.
[2025-05-03 13:46:21] Epoch [7/20], Step [10], Loss: 0.1895
[2025-05-03 13:46:21] Epoch [7/20], Step [20], Loss: 0.2845
[2025-05-03 13:46:21] Epoch [7/20], Step [30], Loss: 0.2744
[2025-05-03 13:46:21] Epoch [7/20], Step [40], Loss: 0.1765
[2025-05-03 13:46:21] Epoch [7/20], Step [50], Loss: 0.1580
[2025-05-03 13:46:21] Epoch [7/20], Step [60], Loss: 0.4130
[2025-05-03 13:46:21] Epoch [7/20], Step [70], Loss: 0.2573
[2025-05-03 13:46:21] Epoch [7/20], Step [80], Loss: 0.1566
[2025-05-03 13:46:21] Epoch [7/20], Step [90], Loss: 0.0871
[2025-05-03 13:46:21] Epoch [7/20], Step [100], Loss: 0.2052
[2025-05-03 13:46:21] Epoch [7/20], Step [110], Loss: 0.2745
[2025-05-03 13:46:21] Epoch [7/20], Step [120], Loss: 0.1733
[2025-05-03 13:46:21] Epoch [7/20], Step [130], Loss: 0.1566
[2025-05-03 13:46:21] Epoch [7/20], Step [140], Loss: 0.3035
[2025-05-03 13:46:21] Epoch [7/20], Step [150], Loss: 0.2710
[2025-05-03 13:46:21] Epoch [7/20], Step [160], Loss: 0.2164
[2025-05-03 13:46:21] Epoch [7/20], Step [170], Loss: 0.4148
[2025-05-03 13:46:21] Epoch [7/20], Step [180], Loss: 0.2807
[2025-05-03 13:46:21] Epoch [7/20], Step [190], Loss: 0.0688
[2025-05-03 13:46:21] Epoch [7/20], Step [200], Loss: 0.2169
[2025-05-03 13:46:21] Epoch [7/20], Step [210], Loss: 0.1600
[2025-05-03 13:46:21] Epoch [7/20], Step [220], Loss: 0.1502
[2025-05-03 13:46:21] Epoch [7/20], Step [230], Loss: 0.1040
[2025-05-03 13:46:21] Epoch [7/20], Step [240], Loss: 0.1558
[2025-05-03 13:46:22] Epoch [7/20], Step [250], Loss: 0.1422
[2025-05-03 13:46:22] Epoch [7/20], Step [260], Loss: 0.1686
[2025-05-03 13:46:22] Epoch [7/20], Step [270], Loss: 0.1506
[2025-05-03 13:46:22] Epoch [7/20], Step [280], Loss: 0.1888
[2025-05-03 13:46:22] Epoch [7/20], Step [290], Loss: 0.1720
[2025-05-03 13:46:22] Epoch [7/20], Step [300], Loss: 0.0996
[2025-05-03 13:46:22] Epoch [7] completed. Avg Loss: 0.2156, Dev Acc: 0.8517
[2025-05-03 13:46:22] Epoch [8/20], Step [10], Loss: 0.0578
[2025-05-03 13:46:22] Epoch [8/20], Step [20], Loss: 0.1040
[2025-05-03 13:46:22] Epoch [8/20], Step [30], Loss: 0.1772
[2025-05-03 13:46:22] Epoch [8/20], Step [40], Loss: 0.1678
[2025-05-03 13:46:22] Epoch [8/20], Step [50], Loss: 0.1640
[2025-05-03 13:46:22] Epoch [8/20], Step [60], Loss: 0.1148
[2025-05-03 13:46:22] Epoch [8/20], Step [70], Loss: 0.1005
[2025-05-03 13:46:22] Epoch [8/20], Step [80], Loss: 0.1400
[2025-05-03 13:46:22] Epoch [8/20], Step [90], Loss: 0.3114
[2025-05-03 13:46:22] Epoch [8/20], Step [100], Loss: 0.1981
[2025-05-03 13:46:22] Epoch [8/20], Step [110], Loss: 0.1501
[2025-05-03 13:46:22] Epoch [8/20], Step [120], Loss: 0.2509
[2025-05-03 13:46:22] Epoch [8/20], Step [130], Loss: 0.1261
[2025-05-03 13:46:22] Epoch [8/20], Step [140], Loss: 0.2218
[2025-05-03 13:46:22] Epoch [8/20], Step [150], Loss: 0.1995
[2025-05-03 13:46:22] Epoch [8/20], Step [160], Loss: 0.1970
[2025-05-03 13:46:22] Epoch [8/20], Step [170], Loss: 0.3388
[2025-05-03 13:46:22] Epoch [8/20], Step [180], Loss: 0.1505
[2025-05-03 13:46:23] Epoch [8/20], Step [190], Loss: 0.1730
[2025-05-03 13:46:23] Epoch [8/20], Step [200], Loss: 0.1600
[2025-05-03 13:46:23] Epoch [8/20], Step [210], Loss: 0.1401
[2025-05-03 13:46:23] Epoch [8/20], Step [220], Loss: 0.2533
[2025-05-03 13:46:23] Epoch [8/20], Step [230], Loss: 0.1816
[2025-05-03 13:46:23] Epoch [8/20], Step [240], Loss: 0.1053
[2025-05-03 13:46:23] Epoch [8/20], Step [250], Loss: 0.2373
[2025-05-03 13:46:23] Epoch [8/20], Step [260], Loss: 0.0835
[2025-05-03 13:46:23] Epoch [8/20], Step [270], Loss: 0.1156
[2025-05-03 13:46:23] Epoch [8/20], Step [280], Loss: 0.2326
[2025-05-03 13:46:23] Epoch [8/20], Step [290], Loss: 0.2662
[2025-05-03 13:46:23] Epoch [8/20], Step [300], Loss: 0.2765
[2025-05-03 13:46:23] Epoch [8] completed. Avg Loss: 0.1917, Dev Acc: 0.8542
[2025-05-03 13:46:23] Epoch [9/20], Step [10], Loss: 0.2272
[2025-05-03 13:46:23] Epoch [9/20], Step [20], Loss: 0.2247
[2025-05-03 13:46:23] Epoch [9/20], Step [30], Loss: 0.0887
[2025-05-03 13:46:23] Epoch [9/20], Step [40], Loss: 0.1304
[2025-05-03 13:46:23] Epoch [9/20], Step [50], Loss: 0.2667
[2025-05-03 13:46:23] Epoch [9/20], Step [60], Loss: 0.1992
[2025-05-03 13:46:23] Epoch [9/20], Step [70], Loss: 0.1475
[2025-05-03 13:46:23] Epoch [9/20], Step [80], Loss: 0.3958
[2025-05-03 13:46:23] Epoch [9/20], Step [90], Loss: 0.3095
[2025-05-03 13:46:23] Epoch [9/20], Step [100], Loss: 0.2780
[2025-05-03 13:46:23] Epoch [9/20], Step [110], Loss: 0.1570
[2025-05-03 13:46:23] Epoch [9/20], Step [120], Loss: 0.0531
[2025-05-03 13:46:23] Epoch [9/20], Step [130], Loss: 0.1648
[2025-05-03 13:46:24] Epoch [9/20], Step [140], Loss: 0.2137
[2025-05-03 13:46:24] Epoch [9/20], Step [150], Loss: 0.0738
[2025-05-03 13:46:24] Epoch [9/20], Step [160], Loss: 0.1161
[2025-05-03 13:46:24] Epoch [9/20], Step [170], Loss: 0.3278
[2025-05-03 13:46:24] Epoch [9/20], Step [180], Loss: 0.0677
[2025-05-03 13:46:24] Epoch [9/20], Step [190], Loss: 0.0283
[2025-05-03 13:46:24] Epoch [9/20], Step [200], Loss: 0.1315
[2025-05-03 13:46:24] Epoch [9/20], Step [210], Loss: 0.0479
[2025-05-03 13:46:24] Epoch [9/20], Step [220], Loss: 0.2025
[2025-05-03 13:46:24] Epoch [9/20], Step [230], Loss: 0.0785
[2025-05-03 13:46:24] Epoch [9/20], Step [240], Loss: 0.0171
[2025-05-03 13:46:24] Epoch [9/20], Step [250], Loss: 0.0506
[2025-05-03 13:46:24] Epoch [9/20], Step [260], Loss: 0.1997
[2025-05-03 13:46:24] Epoch [9/20], Step [270], Loss: 0.0869
[2025-05-03 13:46:24] Epoch [9/20], Step [280], Loss: 0.0976
[2025-05-03 13:46:24] Epoch [9/20], Step [290], Loss: 0.0363
[2025-05-03 13:46:24] Epoch [9/20], Step [300], Loss: 0.1655
[2025-05-03 13:46:24] Epoch [9] completed. Avg Loss: 0.1590, Dev Acc: 0.8550
[2025-05-03 13:46:24] Epoch [10/20], Step [10], Loss: 0.0680
[2025-05-03 13:46:24] Epoch [10/20], Step [20], Loss: 0.0439
[2025-05-03 13:46:24] Epoch [10/20], Step [30], Loss: 0.0563
[2025-05-03 13:46:24] Epoch [10/20], Step [40], Loss: 0.3336
[2025-05-03 13:46:24] Epoch [10/20], Step [50], Loss: 0.0814
[2025-05-03 13:46:24] Epoch [10/20], Step [60], Loss: 0.0736
[2025-05-03 13:46:24] Epoch [10/20], Step [70], Loss: 0.2441
[2025-05-03 13:46:24] Epoch [10/20], Step [80], Loss: 0.0539
[2025-05-03 13:46:25] Epoch [10/20], Step [90], Loss: 0.0613
[2025-05-03 13:46:25] Epoch [10/20], Step [100], Loss: 0.1981
[2025-05-03 13:46:25] Epoch [10/20], Step [110], Loss: 0.1132
[2025-05-03 13:46:25] Epoch [10/20], Step [120], Loss: 0.1463
[2025-05-03 13:46:25] Epoch [10/20], Step [130], Loss: 0.1006
[2025-05-03 13:46:25] Epoch [10/20], Step [140], Loss: 0.0340
[2025-05-03 13:46:25] Epoch [10/20], Step [150], Loss: 0.0730
[2025-05-03 13:46:25] Epoch [10/20], Step [160], Loss: 0.2304
[2025-05-03 13:46:25] Epoch [10/20], Step [170], Loss: 0.0509
[2025-05-03 13:46:25] Epoch [10/20], Step [180], Loss: 0.1411
[2025-05-03 13:46:25] Epoch [10/20], Step [190], Loss: 0.3486
[2025-05-03 13:46:25] Epoch [10/20], Step [200], Loss: 0.1448
[2025-05-03 13:46:25] Epoch [10/20], Step [210], Loss: 0.2826
[2025-05-03 13:46:25] Epoch [10/20], Step [220], Loss: 0.0365
[2025-05-03 13:46:25] Epoch [10/20], Step [230], Loss: 0.2157
[2025-05-03 13:46:25] Epoch [10/20], Step [240], Loss: 0.3899
[2025-05-03 13:46:25] Epoch [10/20], Step [250], Loss: 0.2436
[2025-05-03 13:46:25] Epoch [10/20], Step [260], Loss: 0.1938
[2025-05-03 13:46:25] Epoch [10/20], Step [270], Loss: 0.2672
[2025-05-03 13:46:25] Epoch [10/20], Step [280], Loss: 0.0276
[2025-05-03 13:46:25] Epoch [10/20], Step [290], Loss: 0.4052
[2025-05-03 13:46:25] Epoch [10/20], Step [300], Loss: 0.0315
[2025-05-03 13:46:25] Epoch [10] completed. Avg Loss: 0.1344, Dev Acc: 0.8525
[2025-05-03 13:46:25] Epoch [11/20], Step [10], Loss: 0.2272
[2025-05-03 13:46:25] Epoch [11/20], Step [20], Loss: 0.0679
[2025-05-03 13:46:25] Epoch [11/20], Step [30], Loss: 0.1658
[2025-05-03 13:46:26] Epoch [11/20], Step [40], Loss: 0.0575
[2025-05-03 13:46:26] Epoch [11/20], Step [50], Loss: 0.1196
[2025-05-03 13:46:26] Epoch [11/20], Step [60], Loss: 0.0255
[2025-05-03 13:46:26] Epoch [11/20], Step [70], Loss: 0.0566
[2025-05-03 13:46:26] Epoch [11/20], Step [80], Loss: 0.0349
[2025-05-03 13:46:26] Epoch [11/20], Step [90], Loss: 0.1137
[2025-05-03 13:46:26] Epoch [11/20], Step [100], Loss: 0.0311
[2025-05-03 13:46:26] Epoch [11/20], Step [110], Loss: 0.1950
[2025-05-03 13:46:26] Epoch [11/20], Step [120], Loss: 0.2161
[2025-05-03 13:46:26] Epoch [11/20], Step [130], Loss: 0.0483
[2025-05-03 13:46:26] Epoch [11/20], Step [140], Loss: 0.1645
[2025-05-03 13:46:26] Epoch [11/20], Step [150], Loss: 0.2236
[2025-05-03 13:46:26] Epoch [11/20], Step [160], Loss: 0.1538
[2025-05-03 13:46:26] Epoch [11/20], Step [170], Loss: 0.2554
[2025-05-03 13:46:26] Epoch [11/20], Step [180], Loss: 0.1752
[2025-05-03 13:46:26] Epoch [11/20], Step [190], Loss: 0.2451
[2025-05-03 13:46:26] Epoch [11/20], Step [200], Loss: 0.1070
[2025-05-03 13:46:26] Epoch [11/20], Step [210], Loss: 0.2059
[2025-05-03 13:46:26] Epoch [11/20], Step [220], Loss: 0.1988
[2025-05-03 13:46:26] Epoch [11/20], Step [230], Loss: 0.2181
[2025-05-03 13:46:26] Epoch [11/20], Step [240], Loss: 0.1984
[2025-05-03 13:46:26] Epoch [11/20], Step [250], Loss: 0.1524
[2025-05-03 13:46:26] Epoch [11/20], Step [260], Loss: 0.0468
[2025-05-03 13:46:26] Epoch [11/20], Step [270], Loss: 0.0978
[2025-05-03 13:46:26] Epoch [11/20], Step [280], Loss: 0.0536
[2025-05-03 13:46:26] Epoch [11/20], Step [290], Loss: 0.0919
[2025-05-03 13:46:27] Epoch [11/20], Step [300], Loss: 0.0310
[2025-05-03 13:46:27] Epoch [11] completed. Avg Loss: 0.1174, Dev Acc: 0.8667
[2025-05-03 13:46:27] Best model saved.
[2025-05-03 13:46:27] Confusion matrix saved.
[2025-05-03 13:46:27] Epoch [12/20], Step [10], Loss: 0.0330
[2025-05-03 13:46:27] Epoch [12/20], Step [20], Loss: 0.0182
[2025-05-03 13:46:27] Epoch [12/20], Step [30], Loss: 0.2776
[2025-05-03 13:46:27] Epoch [12/20], Step [40], Loss: 0.0834
[2025-05-03 13:46:27] Epoch [12/20], Step [50], Loss: 0.0957
[2025-05-03 13:46:27] Epoch [12/20], Step [60], Loss: 0.2155
[2025-05-03 13:46:27] Epoch [12/20], Step [70], Loss: 0.1342
[2025-05-03 13:46:27] Epoch [12/20], Step [80], Loss: 0.2693
[2025-05-03 13:46:27] Epoch [12/20], Step [90], Loss: 0.1076
[2025-05-03 13:46:27] Epoch [12/20], Step [100], Loss: 0.0561
[2025-05-03 13:46:27] Epoch [12/20], Step [110], Loss: 0.0230
[2025-05-03 13:46:27] Epoch [12/20], Step [120], Loss: 0.2217
[2025-05-03 13:46:27] Epoch [12/20], Step [130], Loss: 0.0113
[2025-05-03 13:46:27] Epoch [12/20], Step [140], Loss: 0.2061
[2025-05-03 13:46:27] Epoch [12/20], Step [150], Loss: 0.0407
[2025-05-03 13:46:27] Epoch [12/20], Step [160], Loss: 0.0105
[2025-05-03 13:46:27] Epoch [12/20], Step [170], Loss: 0.0360
[2025-05-03 13:46:27] Epoch [12/20], Step [180], Loss: 0.0395
[2025-05-03 13:46:27] Epoch [12/20], Step [190], Loss: 0.0315
[2025-05-03 13:46:27] Epoch [12/20], Step [200], Loss: 0.0537
[2025-05-03 13:46:28] Epoch [12/20], Step [210], Loss: 0.2260
[2025-05-03 13:46:28] Epoch [12/20], Step [220], Loss: 0.0376
[2025-05-03 13:46:28] Epoch [12/20], Step [230], Loss: 0.2855
[2025-05-03 13:46:28] Epoch [12/20], Step [240], Loss: 0.0394
[2025-05-03 13:46:28] Epoch [12/20], Step [250], Loss: 0.2958
[2025-05-03 13:46:28] Epoch [12/20], Step [260], Loss: 0.1134
[2025-05-03 13:46:28] Epoch [12/20], Step [270], Loss: 0.0668
[2025-05-03 13:46:28] Epoch [12/20], Step [280], Loss: 0.0113
[2025-05-03 13:46:28] Epoch [12/20], Step [290], Loss: 0.0444
[2025-05-03 13:46:28] Epoch [12/20], Step [300], Loss: 0.0891
[2025-05-03 13:46:28] Epoch [12] completed. Avg Loss: 0.0925, Dev Acc: 0.8633
[2025-05-03 13:46:28] Epoch [13/20], Step [10], Loss: 0.0177
[2025-05-03 13:46:28] Epoch [13/20], Step [20], Loss: 0.1996
[2025-05-03 13:46:28] Epoch [13/20], Step [30], Loss: 0.0244
[2025-05-03 13:46:28] Epoch [13/20], Step [40], Loss: 0.0626
[2025-05-03 13:46:28] Epoch [13/20], Step [50], Loss: 0.0357
[2025-05-03 13:46:28] Epoch [13/20], Step [60], Loss: 0.1905
[2025-05-03 13:46:28] Epoch [13/20], Step [70], Loss: 0.2489
[2025-05-03 13:46:28] Epoch [13/20], Step [80], Loss: 0.0950
[2025-05-03 13:46:28] Epoch [13/20], Step [90], Loss: 0.2407
[2025-05-03 13:46:28] Epoch [13/20], Step [100], Loss: 0.2076
[2025-05-03 13:46:28] Epoch [13/20], Step [110], Loss: 0.0214
[2025-05-03 13:46:28] Epoch [13/20], Step [120], Loss: 0.1379
[2025-05-03 13:46:28] Epoch [13/20], Step [130], Loss: 0.1562
[2025-05-03 13:46:28] Epoch [13/20], Step [140], Loss: 0.0242
[2025-05-03 13:46:28] Epoch [13/20], Step [150], Loss: 0.1981
[2025-05-03 13:46:29] Epoch [13/20], Step [160], Loss: 0.0423
[2025-05-03 13:46:29] Epoch [13/20], Step [170], Loss: 0.0693
[2025-05-03 13:46:29] Epoch [13/20], Step [180], Loss: 0.0332
[2025-05-03 13:46:29] Epoch [13/20], Step [190], Loss: 0.0133
[2025-05-03 13:46:29] Epoch [13/20], Step [200], Loss: 0.0750
[2025-05-03 13:46:29] Epoch [13/20], Step [210], Loss: 0.0559
[2025-05-03 13:46:29] Epoch [13/20], Step [220], Loss: 0.0468
[2025-05-03 13:46:29] Epoch [13/20], Step [230], Loss: 0.0204
[2025-05-03 13:46:29] Epoch [13/20], Step [240], Loss: 0.1043
[2025-05-03 13:46:29] Epoch [13/20], Step [250], Loss: 0.0203
[2025-05-03 13:46:29] Epoch [13/20], Step [260], Loss: 0.0183
[2025-05-03 13:46:29] Epoch [13/20], Step [270], Loss: 0.1379
[2025-05-03 13:46:29] Epoch [13/20], Step [280], Loss: 0.3562
[2025-05-03 13:46:29] Epoch [13/20], Step [290], Loss: 0.0388
[2025-05-03 13:46:29] Epoch [13/20], Step [300], Loss: 0.0413
[2025-05-03 13:46:29] Epoch [13] completed. Avg Loss: 0.0875, Dev Acc: 0.8625
[2025-05-03 13:46:29] Epoch [14/20], Step [10], Loss: 0.0649
[2025-05-03 13:46:29] Epoch [14/20], Step [20], Loss: 0.0685
[2025-05-03 13:46:29] Epoch [14/20], Step [30], Loss: 0.0446
[2025-05-03 13:46:29] Epoch [14/20], Step [40], Loss: 0.0259
[2025-05-03 13:46:29] Epoch [14/20], Step [50], Loss: 0.0741
[2025-05-03 13:46:29] Epoch [14/20], Step [60], Loss: 0.0270
[2025-05-03 13:46:29] Epoch [14/20], Step [70], Loss: 0.0885
[2025-05-03 13:46:29] Epoch [14/20], Step [80], Loss: 0.1842
[2025-05-03 13:46:29] Epoch [14/20], Step [90], Loss: 0.0542
[2025-05-03 13:46:29] Epoch [14/20], Step [100], Loss: 0.0993
[2025-05-03 13:46:30] Epoch [14/20], Step [110], Loss: 0.1068
[2025-05-03 13:46:30] Epoch [14/20], Step [120], Loss: 0.0224
[2025-05-03 13:46:30] Epoch [14/20], Step [130], Loss: 0.0644
[2025-05-03 13:46:30] Epoch [14/20], Step [140], Loss: 0.2435
[2025-05-03 13:46:30] Epoch [14/20], Step [150], Loss: 0.0278
[2025-05-03 13:46:30] Epoch [14/20], Step [160], Loss: 0.0126
[2025-05-03 13:46:30] Epoch [14/20], Step [170], Loss: 0.0931
[2025-05-03 13:46:30] Epoch [14/20], Step [180], Loss: 0.0213
[2025-05-03 13:46:30] Epoch [14/20], Step [190], Loss: 0.0398
[2025-05-03 13:46:30] Epoch [14/20], Step [200], Loss: 0.0526
[2025-05-03 13:46:30] Epoch [14/20], Step [210], Loss: 0.0101
[2025-05-03 13:46:30] Epoch [14/20], Step [220], Loss: 0.0106
[2025-05-03 13:46:30] Epoch [14/20], Step [230], Loss: 0.0733
[2025-05-03 13:46:30] Epoch [14/20], Step [240], Loss: 0.0398
[2025-05-03 13:46:30] Epoch [14/20], Step [250], Loss: 0.0423
[2025-05-03 13:46:30] Epoch [14/20], Step [260], Loss: 0.0452
[2025-05-03 13:46:30] Epoch [14/20], Step [270], Loss: 0.0552
[2025-05-03 13:46:30] Epoch [14/20], Step [280], Loss: 0.0066
[2025-05-03 13:46:30] Epoch [14/20], Step [290], Loss: 0.0522
[2025-05-03 13:46:30] Epoch [14/20], Step [300], Loss: 0.1157
[2025-05-03 13:46:30] Epoch [14] completed. Avg Loss: 0.0725, Dev Acc: 0.8683
[2025-05-03 13:46:30] Best model saved.
[2025-05-03 13:46:31] Confusion matrix saved.
[2025-05-03 13:46:31] Epoch [15/20], Step [10], Loss: 0.0516
[2025-05-03 13:46:31] Epoch [15/20], Step [20], Loss: 0.0160
[2025-05-03 13:46:31] Epoch [15/20], Step [30], Loss: 0.0034
[2025-05-03 13:46:31] Epoch [15/20], Step [40], Loss: 0.0856
[2025-05-03 13:46:31] Epoch [15/20], Step [50], Loss: 0.0155
[2025-05-03 13:46:31] Epoch [15/20], Step [60], Loss: 0.0985
[2025-05-03 13:46:31] Epoch [15/20], Step [70], Loss: 0.0542
[2025-05-03 13:46:31] Epoch [15/20], Step [80], Loss: 0.1770
[2025-05-03 13:46:31] Epoch [15/20], Step [90], Loss: 0.1951
[2025-05-03 13:46:31] Epoch [15/20], Step [100], Loss: 0.1257
[2025-05-03 13:46:31] Epoch [15/20], Step [110], Loss: 0.0530
[2025-05-03 13:46:31] Epoch [15/20], Step [120], Loss: 0.0251
[2025-05-03 13:46:31] Epoch [15/20], Step [130], Loss: 0.1227
[2025-05-03 13:46:31] Epoch [15/20], Step [140], Loss: 0.0459
[2025-05-03 13:46:31] Epoch [15/20], Step [150], Loss: 0.0171
[2025-05-03 13:46:31] Epoch [15/20], Step [160], Loss: 0.0095
[2025-05-03 13:46:31] Epoch [15/20], Step [170], Loss: 0.1125
[2025-05-03 13:46:31] Epoch [15/20], Step [180], Loss: 0.0709
[2025-05-03 13:46:31] Epoch [15/20], Step [190], Loss: 0.1393
[2025-05-03 13:46:31] Epoch [15/20], Step [200], Loss: 0.1137
[2025-05-03 13:46:31] Epoch [15/20], Step [210], Loss: 0.0526
[2025-05-03 13:46:31] Epoch [15/20], Step [220], Loss: 0.2447
[2025-05-03 13:46:31] Epoch [15/20], Step [230], Loss: 0.4010
[2025-05-03 13:46:31] Epoch [15/20], Step [240], Loss: 0.0898
[2025-05-03 13:46:31] Epoch [15/20], Step [250], Loss: 0.1026
[2025-05-03 13:46:32] Epoch [15/20], Step [260], Loss: 0.0840
[2025-05-03 13:46:32] Epoch [15/20], Step [270], Loss: 0.0722
[2025-05-03 13:46:32] Epoch [15/20], Step [280], Loss: 0.2160
[2025-05-03 13:46:32] Epoch [15/20], Step [290], Loss: 0.0606
[2025-05-03 13:46:32] Epoch [15/20], Step [300], Loss: 0.0135
[2025-05-03 13:46:32] Epoch [15] completed. Avg Loss: 0.0706, Dev Acc: 0.8658
[2025-05-03 13:46:32] Epoch [16/20], Step [10], Loss: 0.0564
[2025-05-03 13:46:32] Epoch [16/20], Step [20], Loss: 0.0190
[2025-05-03 13:46:32] Epoch [16/20], Step [30], Loss: 0.0166
[2025-05-03 13:46:32] Epoch [16/20], Step [40], Loss: 0.1980
[2025-05-03 13:46:32] Epoch [16/20], Step [50], Loss: 0.0185
[2025-05-03 13:46:32] Epoch [16/20], Step [60], Loss: 0.0171
[2025-05-03 13:46:32] Epoch [16/20], Step [70], Loss: 0.0047
[2025-05-03 13:46:32] Epoch [16/20], Step [80], Loss: 0.1522
[2025-05-03 13:46:32] Epoch [16/20], Step [90], Loss: 0.0251
[2025-05-03 13:46:32] Epoch [16/20], Step [100], Loss: 0.0182
[2025-05-03 13:46:32] Epoch [16/20], Step [110], Loss: 0.0408
[2025-05-03 13:46:32] Epoch [16/20], Step [120], Loss: 0.0059
[2025-05-03 13:46:32] Epoch [16/20], Step [130], Loss: 0.0031
[2025-05-03 13:46:32] Epoch [16/20], Step [140], Loss: 0.0259
[2025-05-03 13:46:32] Epoch [16/20], Step [150], Loss: 0.0087
[2025-05-03 13:46:32] Epoch [16/20], Step [160], Loss: 0.0054
[2025-05-03 13:46:32] Epoch [16/20], Step [170], Loss: 0.0562
[2025-05-03 13:46:32] Epoch [16/20], Step [180], Loss: 0.1008
[2025-05-03 13:46:32] Epoch [16/20], Step [190], Loss: 0.0645
[2025-05-03 13:46:32] Epoch [16/20], Step [200], Loss: 0.0027
[2025-05-03 13:46:33] Epoch [16/20], Step [210], Loss: 0.0045
[2025-05-03 13:46:33] Epoch [16/20], Step [220], Loss: 0.0988
[2025-05-03 13:46:33] Epoch [16/20], Step [230], Loss: 0.1461
[2025-05-03 13:46:33] Epoch [16/20], Step [240], Loss: 0.1851
[2025-05-03 13:46:33] Epoch [16/20], Step [250], Loss: 0.1649
[2025-05-03 13:46:33] Epoch [16/20], Step [260], Loss: 0.1510
[2025-05-03 13:46:33] Epoch [16/20], Step [270], Loss: 0.0358
[2025-05-03 13:46:33] Epoch [16/20], Step [280], Loss: 0.0739
[2025-05-03 13:46:33] Epoch [16/20], Step [290], Loss: 0.0170
[2025-05-03 13:46:33] Epoch [16/20], Step [300], Loss: 0.0132
[2025-05-03 13:46:33] Epoch [16] completed. Avg Loss: 0.0637, Dev Acc: 0.8650
[2025-05-03 13:46:33] Epoch [17/20], Step [10], Loss: 0.0565
[2025-05-03 13:46:33] Epoch [17/20], Step [20], Loss: 0.1724
[2025-05-03 13:46:33] Epoch [17/20], Step [30], Loss: 0.0124
[2025-05-03 13:46:33] Epoch [17/20], Step [40], Loss: 0.0426
[2025-05-03 13:46:33] Epoch [17/20], Step [50], Loss: 0.0197
[2025-05-03 13:46:33] Epoch [17/20], Step [60], Loss: 0.0242
[2025-05-03 13:46:33] Epoch [17/20], Step [70], Loss: 0.0509
[2025-05-03 13:46:33] Epoch [17/20], Step [80], Loss: 0.0034
[2025-05-03 13:46:33] Epoch [17/20], Step [90], Loss: 0.0579
[2025-05-03 13:46:33] Epoch [17/20], Step [100], Loss: 0.0350
[2025-05-03 13:46:33] Epoch [17/20], Step [110], Loss: 0.0081
[2025-05-03 13:46:33] Epoch [17/20], Step [120], Loss: 0.0280
[2025-05-03 13:46:33] Epoch [17/20], Step [130], Loss: 0.0341
[2025-05-03 13:46:33] Epoch [17/20], Step [140], Loss: 0.0219
[2025-05-03 13:46:34] Epoch [17/20], Step [150], Loss: 0.0053
[2025-05-03 13:46:34] Epoch [17/20], Step [160], Loss: 0.0085
[2025-05-03 13:46:34] Epoch [17/20], Step [170], Loss: 0.0122
[2025-05-03 13:46:34] Epoch [17/20], Step [180], Loss: 0.1132
[2025-05-03 13:46:34] Epoch [17/20], Step [190], Loss: 0.0075
[2025-05-03 13:46:34] Epoch [17/20], Step [200], Loss: 0.1097
[2025-05-03 13:46:34] Epoch [17/20], Step [210], Loss: 0.0107
[2025-05-03 13:46:34] Epoch [17/20], Step [220], Loss: 0.0513
[2025-05-03 13:46:34] Epoch [17/20], Step [230], Loss: 0.1308
[2025-05-03 13:46:34] Epoch [17/20], Step [240], Loss: 0.0445
[2025-05-03 13:46:34] Epoch [17/20], Step [250], Loss: 0.0587
[2025-05-03 13:46:34] Epoch [17/20], Step [260], Loss: 0.0339
[2025-05-03 13:46:34] Epoch [17/20], Step [270], Loss: 0.0206
[2025-05-03 13:46:34] Epoch [17/20], Step [280], Loss: 0.0057
[2025-05-03 13:46:34] Epoch [17/20], Step [290], Loss: 0.0046
[2025-05-03 13:46:34] Epoch [17/20], Step [300], Loss: 0.0623
[2025-05-03 13:46:34] Epoch [17] completed. Avg Loss: 0.0532, Dev Acc: 0.8800
[2025-05-03 13:46:34] Best model saved.
[2025-05-03 13:46:34] Confusion matrix saved.
[2025-05-03 13:46:34] Epoch [18/20], Step [10], Loss: 0.0907
[2025-05-03 13:46:34] Epoch [18/20], Step [20], Loss: 0.0455
[2025-05-03 13:46:34] Epoch [18/20], Step [30], Loss: 0.0137
[2025-05-03 13:46:34] Epoch [18/20], Step [40], Loss: 0.0140
[2025-05-03 13:46:34] Epoch [18/20], Step [50], Loss: 0.0044
[2025-05-03 13:46:34] Epoch [18/20], Step [60], Loss: 0.0091
[2025-05-03 13:46:35] Epoch [18/20], Step [70], Loss: 0.0037
[2025-05-03 13:46:35] Epoch [18/20], Step [80], Loss: 0.0615
[2025-05-03 13:46:35] Epoch [18/20], Step [90], Loss: 0.0841
[2025-05-03 13:46:35] Epoch [18/20], Step [100], Loss: 0.1366
[2025-05-03 13:46:35] Epoch [18/20], Step [110], Loss: 0.3482
[2025-05-03 13:46:35] Epoch [18/20], Step [120], Loss: 0.0184
[2025-05-03 13:46:35] Epoch [18/20], Step [130], Loss: 0.0115
[2025-05-03 13:46:35] Epoch [18/20], Step [140], Loss: 0.0631
[2025-05-03 13:46:35] Epoch [18/20], Step [150], Loss: 0.1014
[2025-05-03 13:46:35] Epoch [18/20], Step [160], Loss: 0.0474
[2025-05-03 13:46:35] Epoch [18/20], Step [170], Loss: 0.1746
[2025-05-03 13:46:35] Epoch [18/20], Step [180], Loss: 0.0101
[2025-05-03 13:46:35] Epoch [18/20], Step [190], Loss: 0.1876
[2025-05-03 13:46:35] Epoch [18/20], Step [200], Loss: 0.0170
[2025-05-03 13:46:35] Epoch [18/20], Step [210], Loss: 0.0302
[2025-05-03 13:46:35] Epoch [18/20], Step [220], Loss: 0.0638
[2025-05-03 13:46:35] Epoch [18/20], Step [230], Loss: 0.0195
[2025-05-03 13:46:35] Epoch [18/20], Step [240], Loss: 0.0723
[2025-05-03 13:46:35] Epoch [18/20], Step [250], Loss: 0.0161
[2025-05-03 13:46:35] Epoch [18/20], Step [260], Loss: 0.0394
[2025-05-03 13:46:35] Epoch [18/20], Step [270], Loss: 0.0036
[2025-05-03 13:46:35] Epoch [18/20], Step [280], Loss: 0.1294
[2025-05-03 13:46:35] Epoch [18/20], Step [290], Loss: 0.0501
[2025-05-03 13:46:35] Epoch [18/20], Step [300], Loss: 0.0067
[2025-05-03 13:46:35] Epoch [18] completed. Avg Loss: 0.0492, Dev Acc: 0.8625
[2025-05-03 13:46:35] Epoch [19/20], Step [10], Loss: 0.0745
[2025-05-03 13:46:36] Epoch [19/20], Step [20], Loss: 0.0580
[2025-05-03 13:46:36] Epoch [19/20], Step [30], Loss: 0.0069
[2025-05-03 13:46:36] Epoch [19/20], Step [40], Loss: 0.0040
[2025-05-03 13:46:36] Epoch [19/20], Step [50], Loss: 0.0057
[2025-05-03 13:46:36] Epoch [19/20], Step [60], Loss: 0.0599
[2025-05-03 13:46:36] Epoch [19/20], Step [70], Loss: 0.0147
[2025-05-03 13:46:36] Epoch [19/20], Step [80], Loss: 0.0015
[2025-05-03 13:46:36] Epoch [19/20], Step [90], Loss: 0.0883
[2025-05-03 13:46:36] Epoch [19/20], Step [100], Loss: 0.2150
[2025-05-03 13:46:36] Epoch [19/20], Step [110], Loss: 0.0450
[2025-05-03 13:46:36] Epoch [19/20], Step [120], Loss: 0.1017
[2025-05-03 13:46:36] Epoch [19/20], Step [130], Loss: 0.0271
[2025-05-03 13:46:36] Epoch [19/20], Step [140], Loss: 0.0059
[2025-05-03 13:46:36] Epoch [19/20], Step [150], Loss: 0.0039
[2025-05-03 13:46:36] Epoch [19/20], Step [160], Loss: 0.0736
[2025-05-03 13:46:36] Epoch [19/20], Step [170], Loss: 0.1463
[2025-05-03 13:46:36] Epoch [19/20], Step [180], Loss: 0.0501
[2025-05-03 13:46:36] Epoch [19/20], Step [190], Loss: 0.0171
[2025-05-03 13:46:36] Epoch [19/20], Step [200], Loss: 0.0231
[2025-05-03 13:46:36] Epoch [19/20], Step [210], Loss: 0.0962
[2025-05-03 13:46:36] Epoch [19/20], Step [220], Loss: 0.1920
[2025-05-03 13:46:36] Epoch [19/20], Step [230], Loss: 0.0697
[2025-05-03 13:46:36] Epoch [19/20], Step [240], Loss: 0.0343
[2025-05-03 13:46:36] Epoch [19/20], Step [250], Loss: 0.0532
[2025-05-03 13:46:36] Epoch [19/20], Step [260], Loss: 0.0115
[2025-05-03 13:46:36] Epoch [19/20], Step [270], Loss: 0.0317
[2025-05-03 13:46:37] Epoch [19/20], Step [280], Loss: 0.1153
[2025-05-03 13:46:37] Epoch [19/20], Step [290], Loss: 0.0045
[2025-05-03 13:46:37] Epoch [19/20], Step [300], Loss: 0.0087
[2025-05-03 13:46:37] Epoch [19] completed. Avg Loss: 0.0449, Dev Acc: 0.8633
[2025-05-03 13:46:37] Epoch [20/20], Step [10], Loss: 0.0834
[2025-05-03 13:46:37] Epoch [20/20], Step [20], Loss: 0.0046
[2025-05-03 13:46:37] Epoch [20/20], Step [30], Loss: 0.0078
[2025-05-03 13:46:37] Epoch [20/20], Step [40], Loss: 0.0564
[2025-05-03 13:46:37] Epoch [20/20], Step [50], Loss: 0.0078
[2025-05-03 13:46:37] Epoch [20/20], Step [60], Loss: 0.0143
[2025-05-03 13:46:37] Epoch [20/20], Step [70], Loss: 0.0079
[2025-05-03 13:46:37] Epoch [20/20], Step [80], Loss: 0.0039
[2025-05-03 13:46:37] Epoch [20/20], Step [90], Loss: 0.0027
[2025-05-03 13:46:37] Epoch [20/20], Step [100], Loss: 0.0048
[2025-05-03 13:46:37] Epoch [20/20], Step [110], Loss: 0.0080
[2025-05-03 13:46:37] Epoch [20/20], Step [120], Loss: 0.0029
[2025-05-03 13:46:37] Epoch [20/20], Step [130], Loss: 0.0083
[2025-05-03 13:46:37] Epoch [20/20], Step [140], Loss: 0.0228
[2025-05-03 13:46:37] Epoch [20/20], Step [150], Loss: 0.0201
[2025-05-03 13:46:37] Epoch [20/20], Step [160], Loss: 0.0373
[2025-05-03 13:46:37] Epoch [20/20], Step [170], Loss: 0.0111
[2025-05-03 13:46:37] Epoch [20/20], Step [180], Loss: 0.0110
[2025-05-03 13:46:37] Epoch [20/20], Step [190], Loss: 0.0171
[2025-05-03 13:46:37] Epoch [20/20], Step [200], Loss: 0.0040
[2025-05-03 13:46:37] Epoch [20/20], Step [210], Loss: 0.0602
[2025-05-03 13:46:37] Epoch [20/20], Step [220], Loss: 0.0639
[2025-05-03 13:46:38] Epoch [20/20], Step [230], Loss: 0.1267
[2025-05-03 13:46:38] Epoch [20/20], Step [240], Loss: 0.0088
[2025-05-03 13:46:38] Epoch [20/20], Step [250], Loss: 0.0618
[2025-05-03 13:46:38] Epoch [20/20], Step [260], Loss: 0.0109
[2025-05-03 13:46:38] Epoch [20/20], Step [270], Loss: 0.0741
[2025-05-03 13:46:38] Epoch [20/20], Step [280], Loss: 0.0216
[2025-05-03 13:46:38] Epoch [20/20], Step [290], Loss: 0.0161
[2025-05-03 13:46:38] Epoch [20/20], Step [300], Loss: 0.0664
[2025-05-03 13:46:38] Epoch [20] completed. Avg Loss: 0.0389, Dev Acc: 0.8667
[2025-05-03 13:46:38] Training complete. Loss curve saved.
